<?xml version="1.0" encoding="UTF-8"?>
<testng-results ignored="0" total="1" passed="1" failed="0" skipped="0">
  <reporter-output>
  </reporter-output>
  <suite started-at="2025-12-28T00:59:32 IST" name="Default suite" finished-at="2025-12-28T01:09:05 IST" duration-ms="573699">
    <groups>
    </groups>
    <test started-at="2025-12-28T00:59:32 IST" name="Default test" finished-at="2025-12-28T01:09:05 IST" duration-ms="573699">
      <class name="distatest.Distatestcls">
        <test-method is-config="true" signature="setup()[pri:0, instance:distatest.Distatestcls@5aa9e4eb]" started-at="2025-12-28T00:59:32 IST" name="setup" finished-at="2025-12-28T01:00:19 IST" duration-ms="47117" status="PASS">
          <reporter-output>
          </reporter-output>
        </test-method> <!-- setup -->
        <test-method signature="hpop()[pri:1, instance:distatest.Distatestcls@5aa9e4eb]" started-at="2025-12-28T01:00:19 IST" name="hpop" finished-at="2025-12-28T01:09:04 IST" duration-ms="525326" status="PASS">
          <reporter-output>
          </reporter-output>
        </test-method> <!-- hpop -->
      </class> <!-- distatest.Distatestcls -->
    </test> <!-- Default test -->
  </suite> <!-- Default suite -->
</testng-results>
